<?xml version="1.0" encoding="UTF-8"?>
<!-- Generated by org.testng.reporters.JUnitReportReporter -->
<testsuite hostname="SugahSugah" failures="0" tests="3" name="TestNG_Demo.Test_01" time="7.960" errors="0" timestamp="2022-12-08T10:10:07 IST" skipped="1">
  <testcase classname="TestNG_Demo.Test_01" name="Login" time="3.180"/>
  <system-out/>
  <testcase classname="TestNG_Demo.Test_01" name="Logout" time="4.780"/>
  <system-out/>
  <testcase classname="TestNG_Demo.Test_01" name="Homepage">
    <skipped/>
  </testcase> <!-- Homepage -->
  <system-out/>
</testsuite> <!-- TestNG_Demo.Test_01 -->
