<?xml version="1.0" encoding="UTF-8"?>
<!-- Generated by org.testng.reporters.JUnitReportReporter -->
<testsuite hostname="SugahSugah" failures="0" tests="2" name="mvn_pkg.ExtentReport1" time="12.097" errors="0" timestamp="2023-01-30T09:22:45 IST" skipped="0">
  <testcase classname="mvn_pkg.ExtentReport1" name="login" time="10.293"/>
  <system-out/>
  <testcase classname="mvn_pkg.ExtentReport1" name="logout" time="1.804"/>
  <system-out/>
</testsuite> <!-- mvn_pkg.ExtentReport1 -->
