<?xml version="1.0" encoding="UTF-8"?>
<!-- Generated by org.testng.reporters.JUnitReportReporter -->
<testsuite hostname="SugahSugah" failures="0" tests="2" name="mvn_pkg.groups1" time="0.006" errors="0" timestamp="2022-12-14T12:51:36 IST" skipped="0">
  <testcase classname="mvn_pkg.groups1" name="testcase2" time="0.005"/>
  <system-out/>
  <testcase classname="mvn_pkg.groups1" name="testcase4" time="0.001"/>
  <system-out/>
</testsuite> <!-- mvn_pkg.groups1 -->
