<?xml version="1.0" encoding="UTF-8"?>
<!-- Generated by org.testng.reporters.JUnitReportReporter -->
<testsuite hostname="SugahSugah" failures="0" tests="3" name="mvn_pkg.NewTest5" time="29.823" errors="0" timestamp="2022-12-13T15:05:33 IST" skipped="2">
  <testcase classname="mvn_pkg.NewTest5" name="window" time="29.823"/>
  <system-out/>
  <testcase classname="mvn_pkg.NewTest5" name="alerts">
    <skipped/>
  </testcase> <!-- alerts -->
  <system-out/>
  <testcase classname="mvn_pkg.NewTest5" name="file_upload">
    <skipped/>
  </testcase> <!-- file_upload -->
  <system-out/>
</testsuite> <!-- mvn_pkg.NewTest5 -->
