<?xml version="1.0" encoding="UTF-8"?>
<!-- Generated by org.testng.reporters.JUnitReportReporter -->
<testsuite hostname="SugahSugah" failures="0" tests="2" name="mvn_pkg.ParallelTest1" time="29.982" errors="0" timestamp="2022-12-14T12:56:47 IST" skipped="0">
  <testcase classname="mvn_pkg.ParallelTest1" name="Orangehrm" time="16.315"/>
  <system-out/>
  <testcase classname="mvn_pkg.ParallelTest1" name="Orangehrm" time="13.667"/>
  <system-out/>
</testsuite> <!-- mvn_pkg.ParallelTest1 -->
