<?xml version="1.0" encoding="UTF-8"?>
<!-- Generated by org.testng.reporters.JUnitReportReporter -->
<testsuite hostname="SugahSugah" failures="0" tests="2" name="mvn_pkg.ExtentReport1" time="10.490" errors="0" timestamp="2022-12-15T11:26:54 IST" skipped="0">
  <testcase classname="mvn_pkg.ExtentReport1" name="logout" time="1.797"/>
  <system-out/>
  <testcase classname="mvn_pkg.ExtentReport1" name="login" time="8.693"/>
  <system-out/>
</testsuite> <!-- mvn_pkg.ExtentReport1 -->
