<?xml version="1.0" encoding="UTF-8"?>
<!-- Generated by org.testng.reporters.JUnitReportReporter -->
<testsuite hostname="SugahSugah" failures="0" tests="1" name="mvn_pkg.NewTest2" time="7.218" errors="0" timestamp="2022-12-09T15:57:53 IST" skipped="0">
  <testcase classname="mvn_pkg.NewTest2" name="f" time="7.218"/>
  <system-out/>
</testsuite> <!-- mvn_pkg.NewTest2 -->
